0 info it worked if it ends with ok
1 verbose cli [ '/usr/local/bin/node',
1 verbose cli   '/usr/local/bin/npm',
1 verbose cli   'install',
1 verbose cli   '-g',
1 verbose cli   'ionic' ]
2 info using npm@2.14.20
3 info using node@v4.4.1
4 verbose install initial load of /usr/local/lib/package.json
5 verbose readDependencies loading dependencies from /usr/local/lib/package.json
6 silly cache add args [ 'ionic', null ]
7 verbose cache add spec ionic
8 silly cache add parsed spec Result {
8 silly cache add   raw: 'ionic',
8 silly cache add   scope: null,
8 silly cache add   name: 'ionic',
8 silly cache add   rawSpec: '',
8 silly cache add   spec: 'latest',
8 silly cache add   type: 'tag' }
9 silly addNamed ionic@latest
10 verbose addNamed "latest" is being treated as a dist-tag for ionic
11 info addNameTag [ 'ionic', 'latest' ]
12 silly mapToRegistry name ionic
13 silly mapToRegistry using default registry
14 silly mapToRegistry registry https://registry.npmjs.org/
15 silly mapToRegistry uri https://registry.npmjs.org/ionic
16 verbose addNameTag registry:https://registry.npmjs.org/ionic not in flight; fetching
17 verbose request uri https://registry.npmjs.org/ionic
18 verbose request no auth needed
19 info attempt registry request try #1 at 2:11:31 PM
20 verbose request id 31b076b8fd5a701b
21 verbose etag "DLOOJDXPX5X5OC16CO6TJ2B0L"
22 http request GET https://registry.npmjs.org/ionic
23 http 200 https://registry.npmjs.org/ionic
24 verbose headers { server: 'CouchDB/1.5.0 (Erlang OTP/R16B03)',
24 verbose headers   etag: '"BZH36RG89YE5S7JFBRMJ4JSJW"',
24 verbose headers   'content-type': 'application/json',
24 verbose headers   'cache-control': 'max-age=300',
24 verbose headers   'content-length': '690233',
24 verbose headers   'accept-ranges': 'bytes',
24 verbose headers   date: 'Wed, 06 Apr 2016 21:11:31 GMT',
24 verbose headers   via: '1.1 varnish',
24 verbose headers   age: '0',
24 verbose headers   connection: 'keep-alive',
24 verbose headers   'x-served-by': 'cache-dfw1836-DFW',
24 verbose headers   'x-cache': 'HIT',
24 verbose headers   'x-cache-hits': '1',
24 verbose headers   'x-timer': 'S1459977091.755665,VS0,VE47',
24 verbose headers   vary: 'Accept-Encoding' }
25 silly get cb [ 200,
25 silly get   { server: 'CouchDB/1.5.0 (Erlang OTP/R16B03)',
25 silly get     etag: '"BZH36RG89YE5S7JFBRMJ4JSJW"',
25 silly get     'content-type': 'application/json',
25 silly get     'cache-control': 'max-age=300',
25 silly get     'content-length': '690233',
25 silly get     'accept-ranges': 'bytes',
25 silly get     date: 'Wed, 06 Apr 2016 21:11:31 GMT',
25 silly get     via: '1.1 varnish',
25 silly get     age: '0',
25 silly get     connection: 'keep-alive',
25 silly get     'x-served-by': 'cache-dfw1836-DFW',
25 silly get     'x-cache': 'HIT',
25 silly get     'x-cache-hits': '1',
25 silly get     'x-timer': 'S1459977091.755665,VS0,VE47',
25 silly get     vary: 'Accept-Encoding' } ]
26 verbose get saving ionic to /Users/Hanieh/.npm/registry.npmjs.org/ionic/.cache.json
27 verbose correctMkdir /Users/Hanieh/.npm correctMkdir not in flight; initializing
28 silly addNameTag next cb for ionic with tag latest
29 silly addNamed ionic@1.7.14
30 verbose addNamed "1.7.14" is a plain semver version for ionic
31 silly cache afterAdd ionic@1.7.14
32 verbose afterAdd /Users/Hanieh/.npm/ionic/1.7.14/package/package.json not in flight; writing
33 verbose correctMkdir /Users/Hanieh/.npm correctMkdir not in flight; initializing
34 verbose afterAdd /Users/Hanieh/.npm/ionic/1.7.14/package/package.json written
35 silly install resolved [ { name: 'ionic',
35 silly install resolved     version: '1.7.14',
35 silly install resolved     preferGlobal: true,
35 silly install resolved     description: 'A tool for creating and developing Ionic Framework mobile apps.',
35 silly install resolved     homepage: 'http://ionicframework.com/',
35 silly install resolved     bin: { ionic: 'bin/ionic' },
35 silly install resolved     scripts:
35 silly install resolved      { bump: 'node lib/tasks/bumpversion',
35 silly install resolved        'beta-bump': 'node lib/tasks/bumpversion --level pre --identifier beta',
35 silly install resolved        'publish-release': 'node lib/tasks/bumpversion --npmPublish',
35 silly install resolved        'publish-tag': 'node lib/tasks/bumpversion --level beta --npmPublishTag',
35 silly install resolved        'full-release': 'node lib/tasks/bumpversion --npmInstall --git --npmPublish',
35 silly install resolved        test: 'npm run jasmine',
35 silly install resolved        e2e: 'jasmine-node --captureExceptions ./e2e',
35 silly install resolved        jasmine: 'jasmine-node --captureExceptions  ./spec' },
35 silly install resolved     keywords:
35 silly install resolved      [ 'ionic',
35 silly install resolved        'ionic framework',
35 silly install resolved        'ionicframework',
35 silly install resolved        'mobile',
35 silly install resolved        'app',
35 silly install resolved        'hybrid',
35 silly install resolved        'cordova',
35 silly install resolved        'phonegap' ],
35 silly install resolved     repository:
35 silly install resolved      { type: 'git',
35 silly install resolved        url: 'git+https://github.com/driftyco/ionic-cli.git' },
35 silly install resolved     contributors: [ [Object], [Object], [Object], [Object] ],
35 silly install resolved     license: 'MIT',
35 silly install resolved     dependencies:
35 silly install resolved      { async: '^0.9.0',
35 silly install resolved        cheerio: '^0.19.0',
35 silly install resolved        'cli-table': '^0.3.1',
35 silly install resolved        colors: '0.6.2',
35 silly install resolved        connect: '3.1.1',
35 silly install resolved        'connect-livereload': '0.5.2',
35 silly install resolved        crc: '3.2.1',
35 silly install resolved        'cross-spawn': '0.2.3',
35 silly install resolved        'event-stream': '3.0.x',
35 silly install resolved        'expand-tilde': '^1.2.0',
35 silly install resolved        finalhandler: '0.2.0',
35 silly install resolved        'form-data': '0.1.4',
35 silly install resolved        gulp: '3.8.8',
35 silly install resolved        'ionic-app-lib': '0.7.0',
35 silly install resolved        moment: '^2.10.6',
35 silly install resolved        ncp: '0.4.2',
35 silly install resolved        npm: '2.1.3',
35 silly install resolved        open: '0.0.5',
35 silly install resolved        optimist: '0.6.0',
35 silly install resolved        progress: '1.1.7',
35 silly install resolved        prompt: '0.2.12',
35 silly install resolved        'proxy-middleware': '^0.7.0',
35 silly install resolved        q: '1.0.1',
35 silly install resolved        request: '2.51.0',
35 silly install resolved        semver: '^4.2.0',
35 silly install resolved        'serve-static': '1.7.1',
35 silly install resolved        shelljs: '0.2.6',
35 silly install resolved        'tiny-lr-fork': '0.0.5',
35 silly install resolved        underscore: '~1.7.0',
35 silly install resolved        unzip: '0.1.9',
35 silly install resolved        'vinyl-fs': '0.3.7',
35 silly install resolved        xml2js: '0.4.4' },
35 silly install resolved     devDependencies: { 'jasmine-node': '^1.14.5', rewire: '^2.3.4' },
35 silly install resolved     gitHead: '5b03fedea11144cebd15a374c14c48252a318723',
35 silly install resolved     bugs: { url: 'https://github.com/driftyco/ionic-cli/issues' },
35 silly install resolved     bundleDependencies:
35 silly install resolved      [ 'async',
35 silly install resolved        'cheerio',
35 silly install resolved        'cli-table',
35 silly install resolved        'colors',
35 silly install resolved        'connect',
35 silly install resolved        'connect-livereload',
35 silly install resolved        'crc',
35 silly install resolved        'cross-spawn',
35 silly install resolved        'event-stream',
35 silly install resolved        'expand-tilde',
35 silly install resolved        'finalhandler',
35 silly install resolved        'form-data',
35 silly install resolved        'gulp',
35 silly install resolved        'ionic-app-lib',
35 silly install resolved        'moment',
35 silly install resolved        'ncp',
35 silly install resolved        'npm',
35 silly install resolved        'open',
35 silly install resolved        'optimist',
35 silly install resolved        'progress',
35 silly install resolved        'prompt',
35 silly install resolved        'proxy-middleware',
35 silly install resolved        'q',
35 silly install resolved        'request',
35 silly install resolved        'semver',
35 silly install resolved        'serve-static',
35 silly install resolved        'shelljs',
35 silly install resolved        'tiny-lr-fork',
35 silly install resolved        'underscore',
35 silly install resolved        'unzip',
35 silly install resolved        'vinyl-fs',
35 silly install resolved        'xml2js' ],
35 silly install resolved     _id: 'ionic@1.7.14',
35 silly install resolved     _shasum: 'af493d5df4688d917d778b0934d1739b9be6efe6',
35 silly install resolved     _from: 'ionic@latest',
35 silly install resolved     _npmVersion: '3.3.12',
35 silly install resolved     _nodeVersion: '5.1.0',
35 silly install resolved     _npmUser: { name: 'dwieeb', email: 'dwieeb@gmail.com' },
35 silly install resolved     dist:
35 silly install resolved      { shasum: 'af493d5df4688d917d778b0934d1739b9be6efe6',
35 silly install resolved        tarball: 'http://registry.npmjs.org/ionic/-/ionic-1.7.14.tgz' },
35 silly install resolved     maintainers: [ [Object], [Object], [Object], [Object], [Object] ],
35 silly install resolved     _npmOperationalInternal:
35 silly install resolved      { host: 'packages-9-west.internal.npmjs.com',
35 silly install resolved        tmp: 'tmp/ionic-1.7.14.tgz_1454368560204_0.25241430499590933' },
35 silly install resolved     directories: {},
35 silly install resolved     _resolved: 'https://registry.npmjs.org/ionic/-/ionic-1.7.14.tgz',
35 silly install resolved     readme: 'ERROR: No README data found!' } ]
36 info install ionic@1.7.14 into /usr/local/lib
37 info installOne ionic@1.7.14
38 verbose installOne of ionic to /usr/local/lib not in flight; installing
39 verbose correctMkdir /Users/Hanieh/.npm/_locks correctMkdir not in flight; initializing
40 verbose lock using /Users/Hanieh/.npm/_locks/ionic-61c0cd50dc7a1457.lock for /usr/local/lib/node_modules/ionic
41 silly install write writing ionic 1.7.14 to /usr/local/lib/node_modules/ionic
42 verbose unbuild lib/node_modules/ionic
43 info preuninstall ionic@1.7.14
44 info uninstall ionic@1.7.14
45 verbose unbuild rmStuff ionic@1.7.14 from /usr/local/lib/node_modules
46 silly gentlyRm /usr/local/bin/ionic is being gently removed
47 silly gentlyRm verifying /usr/local is an npm working directory
48 silly gentlyRm containing path /usr/local is under npm's control, in /usr/local
49 silly gentlyRm deletion target /usr/local/bin/ionic is under /usr/local
50 verbose gentlyRm vacuuming from /usr/local/bin/ionic up to /usr/local
51 silly vacuum-fs removing /usr/local/bin/ionic
52 verbose unlock done using /Users/Hanieh/.npm/_locks/ionic-61c0cd50dc7a1457.lock for /usr/local/lib/node_modules/ionic
53 verbose stack Error: EACCES: permission denied, unlink '/usr/local/bin/ionic'
53 verbose stack     at Error (native)
54 verbose cwd /Users/Hanieh/mycosmos
55 error Darwin 15.3.0
56 error argv "/usr/local/bin/node" "/usr/local/bin/npm" "install" "-g" "ionic"
57 error node v4.4.1
58 error npm  v2.14.20
59 error path /usr/local/bin/ionic
60 error code EACCES
61 error errno -13
62 error syscall unlink
63 error Error: EACCES: permission denied, unlink '/usr/local/bin/ionic'
63 error     at Error (native)
63 error  { [Error: EACCES: permission denied, unlink '/usr/local/bin/ionic']
63 error   errno: -13,
63 error   code: 'EACCES',
63 error   syscall: 'unlink',
63 error   path: '/usr/local/bin/ionic' }
64 error Please try running this command again as root/Administrator.
65 verbose exit [ -13, true ]
66 verbose unbuild lib/node_modules/ionic
67 info preuninstall ionic@1.7.14
68 info uninstall ionic@1.7.14
69 verbose unbuild rmStuff ionic@1.7.14 from /usr/local/lib/node_modules
70 silly gentlyRm /usr/local/bin/ionic is being gently removed
71 silly gentlyRm verifying /usr/local is an npm working directory
72 silly gentlyRm containing path /usr/local is under npm's control, in /usr/local
73 silly gentlyRm deletion target /usr/local/bin/ionic is under /usr/local
74 verbose gentlyRm vacuuming from /usr/local/bin/ionic up to /usr/local
75 silly vacuum-fs removing /usr/local/bin/ionic
76 error error rolling back Error: EACCES: permission denied, unlink '/usr/local/bin/ionic'
76 error error rolling back     at Error (native)
76 error error rolling back  { [Error: EACCES: permission denied, unlink '/usr/local/bin/ionic']
76 error error rolling back   errno: -13,
76 error error rolling back   code: 'EACCES',
76 error error rolling back   syscall: 'unlink',
76 error error rolling back   path: '/usr/local/bin/ionic' }
